0 info it worked if it ends with ok
1 verbose cli [ '/usr/bin/node', '/usr/bin/npm', 'install', 'http' ]
2 info using npm@1.3.11
3 info using node@v0.10.20
4 verbose cache add [ 'http', null ]
5 verbose cache add name=undefined spec="http" args=["http",null]
6 verbose parsed url { protocol: null,
6 verbose parsed url   slashes: null,
6 verbose parsed url   auth: null,
6 verbose parsed url   host: null,
6 verbose parsed url   port: null,
6 verbose parsed url   hostname: null,
6 verbose parsed url   hash: null,
6 verbose parsed url   search: null,
6 verbose parsed url   query: null,
6 verbose parsed url   pathname: 'http',
6 verbose parsed url   path: 'http',
6 verbose parsed url   href: 'http' }
7 silly lockFile 77b5f8e3-http http
8 verbose lock http /root/.npm/77b5f8e3-http.lock
9 silly lockFile 77b5f8e3-http http
10 silly lockFile 77b5f8e3-http http
11 verbose addNamed [ 'http', '' ]
12 verbose addNamed [ null, '*' ]
13 silly lockFile c1086ff9-http http@
14 verbose lock http@ /root/.npm/c1086ff9-http.lock
15 silly addNameRange { name: 'http', range: '*', hasData: false }
16 verbose url raw http
17 verbose url resolving [ 'https://registry.npmjs.org/', './http' ]
18 verbose url resolved https://registry.npmjs.org/http
19 info trying registry request attempt 1 at 12:10:47
20 http GET https://registry.npmjs.org/http
21 http 404 https://registry.npmjs.org/http
22 silly registry.get cb [ 404,
22 silly registry.get   { server: 'CouchDB/1.3.1 (Erlang OTP/R15B03)',
22 silly registry.get     date: 'Thu, 10 Oct 2013 18:10:47 GMT',
22 silly registry.get     'content-type': 'application/json',
22 silly registry.get     'content-length': '52',
22 silly registry.get     'cache-control': 'must-revalidate' } ]
23 silly lockFile c1086ff9-http http@
24 silly lockFile c1086ff9-http http@
25 error 404 'http' is not in the npm registry.
25 error 404 You should bug the author to publish it
25 error 404
25 error 404 Note that you can also install from a
25 error 404 tarball, folder, or http url, or git url.
26 error System Linux 3.12.0-rc2-1-ARCH
27 error command "/usr/bin/node" "/usr/bin/npm" "install" "http"
28 error cwd /root/website
29 error node -v v0.10.20
30 error npm -v 1.3.11
31 error code E404
32 verbose exit [ 1, true ]
